Error: INSERT INTO import (`numero`, `valore1`, `valore2`) VALUES ("B", "487", "BORDANObook.pdf")<br>Incorrect integer value: 'B' for column 'numero' at row 1
Error: INSERT INTO import (`numero`, `valore1`, `valore2`) VALUES ("F", "487", "BORDANOfieldguide.pdf")<br>Incorrect integer value: 'F' for column 'numero' at row 1
Error: INSERT INTO import (`numero`, `valore1`, `valore2`) VALUES ("B", "351", "OPALlichen.pdf")<br>Incorrect integer value: 'B' for column 'numero' at row 1
Error: INSERT INTO import (`numero`, `valore1`, `valore2`) VALUES ("F", "351", "OPALlichenfieldguide.pdf")<br>Incorrect integer value: 'F' for column 'numero' at row 1
Error: INSERT INTO import (`numero`, `valore1`, `valore2`) VALUES ("B", "507", "THAILICHbook.pdf")<br>Incorrect integer value: 'B' for column 'numero' at row 1
Error: INSERT INTO import (`numero`, `valore1`, `valore2`) VALUES ("F", "507", "THAILICHfieldbook.pdf")<br>Incorrect integer value: 'F' for column 'numero' at row 1
Error: INSERT INTO import (`numero`, `valore1`, `valore2`) VALUES ("F", "493", "casentilichguide.pdf")<br>Incorrect integer value: 'F' for column 'numero' at row 1
Error: INSERT INTO import (`numero`, `valore1`, `valore2`) VALUES ("B", "493", "casentinesilichbook.pdf")<br>Incorrect integer value: 'B' for column 'numero' at row 1
Error: INSERT INTO import (`numero`, `valore1`, `valore2`) VALUES ("B", "481", "CENTOLICH_book.pdf")<br>Incorrect integer value: 'B' for column 'numero' at row 1
Error: INSERT INTO import (`numero`, `valore1`, `valore2`) VALUES ("F", "481", "CENTOLICH_fieldguide.pdf")<br>Incorrect integer value: 'F' for column 'numero' at row 1
Error: INSERT INTO import (`numero`, `valore1`, `valore2`) VALUES ("B", "564", "MacrolicheniVeneto_Book_ita.pdf")<br>Incorrect integer value: 'B' for column 'numero' at row 1
Error: INSERT INTO import (`numero`, `valore1`, `valore2`) VALUES ("F", "564", "MacrolicheniVeneto_Fieldguide_ita.pdf")<br>Incorrect integer value: 'F' for column 'numero' at row 1
Error: INSERT INTO import (`numero`, `valore1`, `valore2`) VALUES ("B", "487", "BORDANObook.pdf")<br>Incorrect integer value: 'B' for column 'numero' at row 1
Error: INSERT INTO import (`numero`, `valore1`, `valore2`) VALUES ("F", "487", "BORDANOfieldguide.pdf")<br>Incorrect integer value: 'F' for column 'numero' at row 1
Error: INSERT INTO import (`numero`, `valore1`, `valore2`) VALUES ("B", "351", "OPALlichen.pdf")<br>Incorrect integer value: 'B' for column 'numero' at row 1
Error: INSERT INTO import (`numero`, `valore1`, `valore2`) VALUES ("F", "351", "OPALlichenfieldguide.pdf")<br>Incorrect integer value: 'F' for column 'numero' at row 1
Error: INSERT INTO import (`numero`, `valore1`, `valore2`) VALUES ("B", "507", "THAILICHbook.pdf")<br>Incorrect integer value: 'B' for column 'numero' at row 1
Error: INSERT INTO import (`numero`, `valore1`, `valore2`) VALUES ("F", "507", "THAILICHfieldbook.pdf")<br>Incorrect integer value: 'F' for column 'numero' at row 1
Error: INSERT INTO import (`numero`, `valore1`, `valore2`) VALUES ("F", "493", "casentilichguide.pdf")<br>Incorrect integer value: 'F' for column 'numero' at row 1
Error: INSERT INTO import (`numero`, `valore1`, `valore2`) VALUES ("B", "493", "casentinesilichbook.pdf")<br>Incorrect integer value: 'B' for column 'numero' at row 1
Error: INSERT INTO import (`numero`, `valore1`, `valore2`) VALUES ("B", "481", "CENTOLICH_book.pdf")<br>Incorrect integer value: 'B' for column 'numero' at row 1
Error: INSERT INTO import (`numero`, `valore1`, `valore2`) VALUES ("F", "481", "CENTOLICH_fieldguide.pdf")<br>Incorrect integer value: 'F' for column 'numero' at row 1
Error: INSERT INTO import (`numero`, `valore1`, `valore2`) VALUES ("B", "564", "MacrolicheniVeneto_Book_ita.pdf")<br>Incorrect integer value: 'B' for column 'numero' at row 1
Error: INSERT INTO import (`numero`, `valore1`, `valore2`) VALUES ("F", "564", "MacrolicheniVeneto_Fieldguide_ita.pdf")<br>Incorrect integer value: 'F' for column 'numero' at row 1
